2024-09-02 18:18:20,394 [DEBUG] attempt to load json file with posts
2024-09-02 18:18:27,903 [DEBUG] attempt to load json post by post id: 2
2024-09-02 18:18:28,990 [DEBUG] attempt to load json post by post id: 7
2024-09-02 18:18:35,059 [DEBUG] attempt to load json post by post id: 2
2024-09-02 18:18:36,388 [DEBUG] pk must by in range(1, 8)
2024-09-02 18:18:42,701 [DEBUG] pk must by in range(1, 8)
2024-09-02 19:24:31,959 [DEBUG] <class 'NoneType'>
2024-09-02 19:25:48,577 [DEBUG] <class 'NoneType'>
2024-09-02 19:25:48,577 [DEBUG] None
2024-09-02 21:36:54,224 [DEBUG] <class 'NoneType'>
2024-09-02 21:36:54,224 [DEBUG] None
2024-09-08 15:43:55,328 [DEBUG] <class 'NoneType'>
2024-09-08 15:43:55,329 [DEBUG] None
2024-09-08 15:45:37,656 [DEBUG] get comments for the post with pk = 1
2024-09-08 15:45:39,154 [DEBUG] <class 'NoneType'>
2024-09-08 15:45:39,155 [DEBUG] None
2024-09-12 18:03:30,141 [DEBUG] <class 'NoneType'>
2024-09-12 18:03:30,142 [DEBUG] None
2024-09-12 19:02:26,846 [DEBUG] <class 'NoneType'>
2024-09-12 19:02:26,847 [DEBUG] None
2024-09-12 19:04:41,359 [DEBUG] <class 'NoneType'>
2024-09-12 19:04:41,360 [DEBUG] None
